Build started 11.10.2011 15:21:55.
     1>Project "C:\Users\KillerGoldFisch\Documents\Dropbox\Programmierung\C++\CParticleSim\CParticleSim\CParticleSim.vcxproj" on node 2 (build target(s)).
     1>InitializeBuildStatus:
         Creating "Release\CParticleSim.unsuccessfulbuild" because "AlwaysCreate" was specified.
       ClCompile:
         All outputs are up-to-date.
         c:\Program Files\Microsoft Visual Studio 10.0\VC\bin\CL.exe /c /Zi /nologo /W3 /WX- /O2 /Oi /Oy- /GL /D WIN32 /D NDEBUG /D _CONSOLE /D _UNICODE /D UNICODE /Gm- /EHsc /MT /GS /Gy /fp:precise /Zc:wchar_t /Zc:forScope /Yu"StdAfx.h" /Fp"Release\CParticleSim.pch" /Fo"Release\\" /Fd"Release\vc100.pdb" /Gd /TP /analyze- /errorReport:prompt CParticleSim.cpp OpenGL_Helper.cpp
         CParticleSim.cpp
     1>CParticleSim.cpp(73): warning C4018: '>' : signed/unsigned mismatch
     1>CParticleSim.cpp(136): warning C4244: 'argument' : conversion from 'double' to 'GLfloat', possible loss of data
     1>CParticleSim.cpp(136): warning C4244: 'argument' : conversion from 'double' to 'GLfloat', possible loss of data
     1>CParticleSim.cpp(136): warning C4244: 'argument' : conversion from 'double' to 'GLfloat', possible loss of data
     1>CParticleSim.cpp(169): warning C4305: '*=' : truncation from 'double' to 'float'
         OpenGL_Helper.cpp
     1>OpenGL_Helper.cpp(22): warning C4305: 'initializing' : truncation from 'double' to 'GLfloat'
     1>OpenGL_Helper.cpp(22): warning C4305: 'initializing' : truncation from 'double' to 'GLfloat'
     1>OpenGL_Helper.cpp(22): warning C4305: 'initializing' : truncation from 'double' to 'GLfloat'
     1>OpenGL_Helper.cpp(22): warning C4305: 'initializing' : truncation from 'double' to 'GLfloat'
     1>OpenGL_Helper.cpp(22): warning C4305: 'initializing' : truncation from 'double' to 'GLfloat'
     1>OpenGL_Helper.cpp(22): warning C4305: 'initializing' : truncation from 'double' to 'GLfloat'
     1>OpenGL_Helper.cpp(22): warning C4305: 'initializing' : truncation from 'double' to 'GLfloat'
     1>OpenGL_Helper.cpp(22): warning C4305: 'initializing' : truncation from 'double' to 'GLfloat'
     1>OpenGL_Helper.cpp(23): warning C4305: 'initializing' : truncation from 'double' to 'GLfloat'
     1>OpenGL_Helper.cpp(23): warning C4305: 'initializing' : truncation from 'double' to 'GLfloat'
     1>OpenGL_Helper.cpp(23): warning C4305: 'initializing' : truncation from 'double' to 'GLfloat'
     1>OpenGL_Helper.cpp(23): warning C4305: 'initializing' : truncation from 'double' to 'GLfloat'
     1>OpenGL_Helper.cpp(23): warning C4305: 'initializing' : truncation from 'double' to 'GLfloat'
     1>OpenGL_Helper.cpp(23): warning C4305: 'initializing' : truncation from 'double' to 'GLfloat'
     1>OpenGL_Helper.cpp(23): warning C4305: 'initializing' : truncation from 'double' to 'GLfloat'
     1>OpenGL_Helper.cpp(23): warning C4305: 'initializing' : truncation from 'double' to 'GLfloat'
     1>OpenGL_Helper.cpp(24): warning C4305: 'initializing' : truncation from 'double' to 'GLfloat'
     1>OpenGL_Helper.cpp(24): warning C4305: 'initializing' : truncation from 'double' to 'GLfloat'
     1>OpenGL_Helper.cpp(24): warning C4305: 'initializing' : truncation from 'double' to 'GLfloat'
     1>OpenGL_Helper.cpp(24): warning C4305: 'initializing' : truncation from 'double' to 'GLfloat'
     1>OpenGL_Helper.cpp(24): warning C4305: 'initializing' : truncation from 'double' to 'GLfloat'
     1>OpenGL_Helper.cpp(24): warning C4305: 'initializing' : truncation from 'double' to 'GLfloat'
     1>OpenGL_Helper.cpp(24): warning C4305: 'initializing' : truncation from 'double' to 'GLfloat'
     1>OpenGL_Helper.cpp(24): warning C4305: 'initializing' : truncation from 'double' to 'GLfloat'
     1>OpenGL_Helper.cpp(628): warning C4101: 'bufferZ' : unreferenced local variable
     1>OpenGL_Helper.cpp(667): warning C4996: 'fopen': This function or variable may be unsafe. Consider using fopen_s instead. To disable deprecation, use _CRT_SECURE_NO_WARNINGS. See online help for details.
                 c:\Program Files\Microsoft Visual Studio 10.0\VC\include\stdio.h(234) : see declaration of 'fopen'
     1>OpenGL_Helper.cpp(857): warning C4996: 'vsprintf': This function or variable may be unsafe. Consider using vsprintf_s instead. To disable deprecation, use _CRT_SECURE_NO_WARNINGS. See online help for details.
                 c:\Program Files\Microsoft Visual Studio 10.0\VC\include\stdio.h(371) : see declaration of 'vsprintf'
       Link:
         c:\Program Files\Microsoft Visual Studio 10.0\VC\bin\link.exe /ERRORREPORT:PROMPT /OUT:"C:\Users\KillerGoldFisch\Documents\Dropbox\Programmierung\C++\CParticleSim\Release\CParticleSim.exe" /INCREMENTAL:NO /NOLOGO kernel32.lib user32.lib gdi32.lib winspool.lib comdlg32.lib advapi32.lib shell32.lib ole32.lib oleaut32.lib uuid.lib odbc32.lib odbccp32.lib /MANIFEST /ManifestFile:"Release\CParticleSim.exe.intermediate.manifest" /MANIFESTUAC:"level='asInvoker' uiAccess='false'" /DEBUG /PDB:"C:\Users\KillerGoldFisch\Documents\Dropbox\Programmierung\C++\CParticleSim\Release\CParticleSim.pdb" /SUBSYSTEM:CONSOLE /OPT:REF /OPT:ICF /LTCG /TLBID:1 /DYNAMICBASE /NXCOMPAT /IMPLIB:"C:\Users\KillerGoldFisch\Documents\Dropbox\Programmierung\C++\CParticleSim\Release\CParticleSim.lib" /MACHINE:X86 Release\CParticleSim.obj
         Release\OpenGL_Helper.obj
         Release\Particle.obj
         Release\ParticleSnapshot.obj
         Release\ParticleSystem.obj
         Release\stdafx.obj
         Generating code
         Finished generating code
         CParticleSim.vcxproj -> C:\Users\KillerGoldFisch\Documents\Dropbox\Programmierung\C++\CParticleSim\Release\CParticleSim.exe
       Manifest:
         C:\Program Files\Microsoft SDKs\Windows\v7.0A\bin\mt.exe /nologo /verbose /outputresource:"C:\Users\KillerGoldFisch\Documents\Dropbox\Programmierung\C++\CParticleSim\Release\CParticleSim.exe;#1" /manifest Release\CParticleSim.exe.intermediate.manifest
       FinalizeBuildStatus:
         Deleting file "Release\CParticleSim.unsuccessfulbuild".
         Touching "Release\CParticleSim.lastbuildstate".
     1>Done Building Project "C:\Users\KillerGoldFisch\Documents\Dropbox\Programmierung\C++\CParticleSim\CParticleSim\CParticleSim.vcxproj" (build target(s)).

Build succeeded.

Time Elapsed 00:00:09.51
