C:\Users\KillerGoldFisch\Documents\Dropbox\Programmierung\C++\CParticleSim\CParticleSim\Release\cl.command.1.tlog
C:\Users\KillerGoldFisch\Documents\Dropbox\Programmierung\C++\CParticleSim\CParticleSim\Release\CL.read.1.tlog
C:\Users\KillerGoldFisch\Documents\Dropbox\Programmierung\C++\CParticleSim\CParticleSim\Release\CL.write.1.tlog
C:\USERS\KILLERGOLDFISCH\DOCUMENTS\DROPBOX\PROGRAMMIERUNG\C++\CPARTICLESIM\CPARTICLESIM\RELEASE\CPARTICLESIM.EXE.INTERMEDIATE.MANIFEST
C:\USERS\KILLERGOLDFISCH\DOCUMENTS\DROPBOX\PROGRAMMIERUNG\C++\CPARTICLESIM\CPARTICLESIM\RELEASE\CPARTICLESIM.OBJ
C:\USERS\KILLERGOLDFISCH\DOCUMENTS\DROPBOX\PROGRAMMIERUNG\C++\CPARTICLESIM\CPARTICLESIM\RELEASE\CPARTICLESIM.PCH
C:\Users\KillerGoldFisch\Documents\Dropbox\Programmierung\C++\CParticleSim\CParticleSim\Release\link.command.1.tlog
C:\Users\KillerGoldFisch\Documents\Dropbox\Programmierung\C++\CParticleSim\CParticleSim\Release\link.read.1.tlog
C:\Users\KillerGoldFisch\Documents\Dropbox\Programmierung\C++\CParticleSim\CParticleSim\Release\link.write.1.tlog
C:\Users\KillerGoldFisch\Documents\Dropbox\Programmierung\C++\CParticleSim\CParticleSim\Release\mt.command.1.tlog
C:\Users\KillerGoldFisch\Documents\Dropbox\Programmierung\C++\CParticleSim\CParticleSim\Release\mt.read.1.tlog
C:\Users\KillerGoldFisch\Documents\Dropbox\Programmierung\C++\CParticleSim\CParticleSim\Release\mt.write.1.tlog
C:\USERS\KILLERGOLDFISCH\DOCUMENTS\DROPBOX\PROGRAMMIERUNG\C++\CPARTICLESIM\CPARTICLESIM\RELEASE\OPENGL_HELPER.OBJ
C:\USERS\KILLERGOLDFISCH\DOCUMENTS\DROPBOX\PROGRAMMIERUNG\C++\CPARTICLESIM\CPARTICLESIM\RELEASE\PARTICLE.OBJ
C:\USERS\KILLERGOLDFISCH\DOCUMENTS\DROPBOX\PROGRAMMIERUNG\C++\CPARTICLESIM\CPARTICLESIM\RELEASE\PARTICLESNAPSHOT.OBJ
C:\USERS\KILLERGOLDFISCH\DOCUMENTS\DROPBOX\PROGRAMMIERUNG\C++\CPARTICLESIM\CPARTICLESIM\RELEASE\PARTICLESYSTEM.OBJ
C:\USERS\KILLERGOLDFISCH\DOCUMENTS\DROPBOX\PROGRAMMIERUNG\C++\CPARTICLESIM\CPARTICLESIM\RELEASE\STDAFX.OBJ
C:\USERS\KILLERGOLDFISCH\DOCUMENTS\DROPBOX\PROGRAMMIERUNG\C++\CPARTICLESIM\CPARTICLESIM\RELEASE\VC100.PDB
C:\USERS\KILLERGOLDFISCH\DOCUMENTS\DROPBOX\PROGRAMMIERUNG\C++\CPARTICLESIM\RELEASE\CPARTICLESIM.EXE
C:\USERS\KILLERGOLDFISCH\DOCUMENTS\DROPBOX\PROGRAMMIERUNG\C++\CPARTICLESIM\RELEASE\CPARTICLESIM.PDB
